<?xml version="1.0" encoding="UTF-8"?>
<!-- Generated by org.testng.reporters.JUnitXMLReporter -->
<testsuite ignored="3" hostname="DESKTOP-A2L4RGV" failures="0" tests="1" name="Default test" time="4.726" errors="0" timestamp="2022-12-26T22:09:19 IST">
  <testcase classname="jenkinsPractice.practice" name="jenTest3" time="4.691"/>
  <testcase classname="jenkinsPractice.practice" name="jenTest4" time="0.0">
    <ignored/>
  </testcase> <!-- jenTest4 -->
  <testcase classname="jenkinsPractice.practice" name="jenTest2" time="0.0">
    <ignored/>
  </testcase> <!-- jenTest2 -->
  <testcase classname="jenkinsPractice.practice" name="jenTest1" time="0.0">
    <ignored/>
  </testcase> <!-- jenTest1 -->
</testsuite> <!-- Default test -->
