<?xml version="1.0" encoding="UTF-8"?>
<!-- Generated by org.testng.reporters.JUnitXMLReporter -->
<testsuite ignored="0" hostname="DESKTOP-A2L4RGV" failures="1" tests="4" name="Browser1" time="33.453" errors="0" timestamp="2022-12-21T22:04:30 IST">
  <testcase classname="jenkinsPractice.practice" name="jenTest1" time="20.286"/>
  <testcase classname="jenkinsPractice.practice" name="jenTest2" time="9.154"/>
  <testcase classname="jenkinsPractice.practice" name="jenTest3" time="2.836"/>
  <testcase classname="jenkinsPractice.practice" name="jenTest4" time="1.121">
    <failure type="java.lang.NullPointerException" message="null value in entry: url=null">
      <![CDATA[java.lang.NullPointerException: null value in entry: url=null
at com.google.common.collect.CollectPreconditions.checkEntryNotNull(CollectPreconditions.java:32)
at com.google.common.collect.SingletonImmutableBiMap.<init>(SingletonImmutableBiMap.java:42)
at com.google.common.collect.ImmutableBiMap.of(ImmutableBiMap.java:72)
at com.google.common.collect.ImmutableMap.of(ImmutableMap.java:124)
at org.openqa.selenium.remote.RemoteWebDriver.get(RemoteWebDriver.java:277)
at jenkinsPractice.practice.jenTest4(practice.java:79)
at java.base/java.util.ArrayList.forEach(ArrayList.java:1511)
... Removed 27 stack frames]]>
    </failure>
  </testcase> <!-- jenTest4 -->
</testsuite> <!-- Browser1 -->
