<?xml version="1.0" encoding="UTF-8"?>
<!-- Generated by org.testng.reporters.JUnitXMLReporter -->
<testsuite hostname="DESKTOP-A2L4RGV" failures="0" tests="3" name="CrossBrowser1" time="62.612" errors="0" timestamp="21 Dec 2022 04:46:03 GMT">
  <testcase classname="jenkinsPractice.practice" name="jenTest1" time="51.934"/>
  <testcase classname="jenkinsPractice.practice" name="jenTest2" time="7.837"/>
  <testcase classname="jenkinsPractice.practice" name="jenTest3" time="2.685"/>
</testsuite> <!-- CrossBrowser1 -->
