<?xml version="1.0" encoding="UTF-8"?>
<!-- Generated by org.testng.reporters.JUnitXMLReporter -->
<testsuite hostname="DESKTOP-A2L4RGV" failures="0" tests="6" name="Test" time="12.613" errors="0" timestamp="20 Dec 2022 16:58:22 GMT">
  <testcase classname="jenkinsPractice.practice" name="jenTest1" time="0.014"/>
  <testcase classname="jenkinsPractice.practice" name="jenTest2" time="0.001"/>
  <testcase classname="jenkinsPractice.practice" name="jenTest3" time="0.002"/>
  <testcase classname="jenkinsPractice.practice" name="jenTest4" time="0.0">
    <skipped/>
  </testcase> <!-- jenTest4 -->
  <testcase classname="jenkinsPractice.practice1" name="jenTest4" time="7.372"/>
  <testcase classname="jenkinsPractice.practice1" name="jenTest5" time="5.191"/>
</testsuite> <!-- Test -->
