<?xml version="1.0" encoding="UTF-8"?>
<testng-results ignored="0" total="6" passed="5" failed="1" skipped="0">
  <reporter-output>
  </reporter-output>
  <suite started-at="2022-12-21T22:03:57 IST" name="Suite" finished-at="2022-12-21T22:04:41 IST" duration-ms="44644">
    <groups>
      <group name="functional">
        <method signature="practice1.jenTest4(java.lang.String)[pri:0, instance:jenkinsPractice.practice1@7b4c50bc]" name="jenTest4" class="jenkinsPractice.practice1"/>
      </group> <!-- functional -->
      <group name="system">
        <method signature="practice.jenTest2(java.lang.String)[pri:0, instance:jenkinsPractice.practice@5ddeb7cb]" name="jenTest2" class="jenkinsPractice.practice"/>
      </group> <!-- system -->
      <group name="regression">
        <method signature="practice.jenTest3(java.lang.String)[pri:0, instance:jenkinsPractice.practice@5ddeb7cb]" name="jenTest3" class="jenkinsPractice.practice"/>
        <method signature="practice1.jenTest5(java.lang.String)[pri:0, instance:jenkinsPractice.practice1@7b4c50bc]" name="jenTest5" class="jenkinsPractice.practice1"/>
      </group> <!-- regression -->
      <group name="sanity">
        <method signature="practice.jenTest1(java.lang.String)[pri:0, instance:jenkinsPractice.practice@5ddeb7cb]" name="jenTest1" class="jenkinsPractice.practice"/>
      </group> <!-- sanity -->
    </groups>
    <test started-at="2022-12-21T22:03:57 IST" name="Browser1" finished-at="2022-12-21T22:04:30 IST" duration-ms="33453">
      <class name="jenkinsPractice.practice">
        <test-method signature="jenTest1(java.lang.String)[pri:0, instance:jenkinsPractice.practice@5ddeb7cb]" started-at="2022-12-21T22:03:57 IST" name="jenTest1" finished-at="2022-12-21T22:04:17 IST" duration-ms="20286" status="PASS">
          <params>
            <param index="0">
              <value>
                <![CDATA[chrome]]>
              </value>
            </param>
          </params>
          <reporter-output>
          </reporter-output>
        </test-method> <!-- jenTest1 -->
        <test-method signature="jenTest2(java.lang.String)[pri:0, instance:jenkinsPractice.practice@5ddeb7cb]" started-at="2022-12-21T22:04:17 IST" name="jenTest2" finished-at="2022-12-21T22:04:26 IST" duration-ms="9154" status="PASS">
          <params>
            <param index="0">
              <value>
                <![CDATA[chrome]]>
              </value>
            </param>
          </params>
          <reporter-output>
          </reporter-output>
        </test-method> <!-- jenTest2 -->
        <test-method signature="jenTest3(java.lang.String)[pri:0, instance:jenkinsPractice.practice@5ddeb7cb]" started-at="2022-12-21T22:04:26 IST" name="jenTest3" finished-at="2022-12-21T22:04:29 IST" duration-ms="2836" status="PASS">
          <params>
            <param index="0">
              <value>
                <![CDATA[chrome]]>
              </value>
            </param>
          </params>
          <reporter-output>
          </reporter-output>
        </test-method> <!-- jenTest3 -->
        <test-method signature="jenTest4(java.lang.String)[pri:0, instance:jenkinsPractice.practice@5ddeb7cb]" started-at="2022-12-21T22:04:29 IST" name="jenTest4" finished-at="2022-12-21T22:04:30 IST" duration-ms="1121" status="FAIL">
          <params>
            <param index="0">
              <value>
                <![CDATA[chrome]]>
              </value>
            </param>
          </params>
          <exception class="java.lang.NullPointerException">
            <message>
              <![CDATA[null value in entry: url=null]]>
            </message>
            <full-stacktrace>
              <![CDATA[java.lang.NullPointerException: null value in entry: url=null
at com.google.common.collect.CollectPreconditions.checkEntryNotNull(CollectPreconditions.java:32)
at com.google.common.collect.SingletonImmutableBiMap.<init>(SingletonImmutableBiMap.java:42)
at com.google.common.collect.ImmutableBiMap.of(ImmutableBiMap.java:72)
at com.google.common.collect.ImmutableMap.of(ImmutableMap.java:124)
at org.openqa.selenium.remote.RemoteWebDriver.get(RemoteWebDriver.java:277)
at jenkinsPractice.practice.jenTest4(practice.java:79)
at java.base/jdk.internal.reflect.NativeMethodAccessorImpl.invoke0(Native Method)
at java.base/jdk.internal.reflect.NativeMethodAccessorImpl.invoke(NativeMethodAccessorImpl.java:78)
at java.base/jdk.internal.reflect.DelegatingMethodAccessorImpl.invoke(DelegatingMethodAccessorImpl.java:43)
at java.base/java.lang.reflect.Method.invoke(Method.java:567)
at org.testng.internal.MethodInvocationHelper.invokeMethod(MethodInvocationHelper.java:133)
at org.testng.internal.TestInvoker.invokeMethod(TestInvoker.java:598)
at org.testng.internal.TestInvoker.invokeTestMethod(TestInvoker.java:173)
at org.testng.internal.MethodRunner.runInSequence(MethodRunner.java:46)
at org.testng.internal.TestInvoker$MethodInvocationAgent.invoke(TestInvoker.java:824)
at org.testng.internal.TestInvoker.invokeTestMethods(TestInvoker.java:146)
at org.testng.internal.TestMethodWorker.invokeTestMethods(TestMethodWorker.java:146)
at org.testng.internal.TestMethodWorker.run(TestMethodWorker.java:128)
at java.base/java.util.ArrayList.forEach(ArrayList.java:1511)
at org.testng.TestRunner.privateRun(TestRunner.java:794)
at org.testng.TestRunner.run(TestRunner.java:596)
at org.testng.SuiteRunner.runTest(SuiteRunner.java:377)
at org.testng.SuiteRunner.runSequentially(SuiteRunner.java:371)
at org.testng.SuiteRunner.privateRun(SuiteRunner.java:332)
at org.testng.SuiteRunner.run(SuiteRunner.java:276)
at org.testng.SuiteRunnerWorker.runSuite(SuiteRunnerWorker.java:53)
at org.testng.SuiteRunnerWorker.run(SuiteRunnerWorker.java:96)
at org.testng.TestNG.runSuitesSequentially(TestNG.java:1212)
at org.testng.TestNG.runSuitesLocally(TestNG.java:1134)
at org.testng.TestNG.runSuites(TestNG.java:1063)
at org.testng.TestNG.run(TestNG.java:1031)
at org.testng.remote.AbstractRemoteTestNG.run(AbstractRemoteTestNG.java:115)
at org.testng.remote.RemoteTestNG.initAndRun(RemoteTestNG.java:251)
at org.testng.remote.RemoteTestNG.main(RemoteTestNG.java:77)
]]>
            </full-stacktrace>
          </exception> <!-- java.lang.NullPointerException -->
          <reporter-output>
          </reporter-output>
        </test-method> <!-- jenTest4 -->
      </class> <!-- jenkinsPractice.practice -->
    </test> <!-- Browser1 -->
    <test started-at="2022-12-21T22:04:30 IST" name="Browser2" finished-at="2022-12-21T22:04:41 IST" duration-ms="11130">
      <class name="jenkinsPractice.practice1">
        <test-method signature="jenTest4(java.lang.String)[pri:0, instance:jenkinsPractice.practice1@7b4c50bc]" started-at="2022-12-21T22:04:30 IST" name="jenTest4" finished-at="2022-12-21T22:04:36 IST" duration-ms="5538" status="PASS">
          <params>
            <param index="0">
              <value>
                <![CDATA[chrome]]>
              </value>
            </param>
          </params>
          <reporter-output>
          </reporter-output>
        </test-method> <!-- jenTest4 -->
        <test-method signature="jenTest5(java.lang.String)[pri:0, instance:jenkinsPractice.practice1@7b4c50bc]" started-at="2022-12-21T22:04:36 IST" name="jenTest5" finished-at="2022-12-21T22:04:41 IST" duration-ms="5583" status="PASS">
          <params>
            <param index="0">
              <value>
                <![CDATA[chrome]]>
              </value>
            </param>
          </params>
          <reporter-output>
          </reporter-output>
        </test-method> <!-- jenTest5 -->
      </class> <!-- jenkinsPractice.practice1 -->
    </test> <!-- Browser2 -->
  </suite> <!-- Suite -->
</testng-results>
