<?xml version="1.0" encoding="UTF-8"?>
<testng-results total="2" passed="2" failed="0" skipped="0">
  <reporter-output>
  </reporter-output>
  <suite started-at="2022-12-20T07:42:59Z" name="Suite" finished-at="2022-12-20T07:42:59Z" duration-ms="27">
    <groups>
    </groups>
    <test started-at="2022-12-20T07:42:59Z" name="Test" finished-at="2022-12-20T07:42:59Z" duration-ms="27">
      <class name="jenkinsPractice.practice">
        <test-method signature="jenTest1()[pri:0, instance:jenkinsPractice.practice@3a4621bd]" started-at="2022-12-20T13:12:59Z" name="jenTest1" finished-at="2022-12-20T13:12:59Z" duration-ms="11" status="PASS">
          <reporter-output>
          </reporter-output>
        </test-method> <!-- jenTest1 -->
        <test-method signature="jenTest2()[pri:0, instance:jenkinsPractice.practice@3a4621bd]" started-at="2022-12-20T13:12:59Z" name="jenTest2" finished-at="2022-12-20T13:12:59Z" duration-ms="1" status="PASS">
          <reporter-output>
          </reporter-output>
        </test-method> <!-- jenTest2 -->
      </class> <!-- jenkinsPractice.practice -->
    </test> <!-- Test -->
  </suite> <!-- Suite -->
</testng-results>
